Using pre-set license
Built from '2020.3/staging' branch; Version is '2020.3.16f1 (049d6eca3c44) revision 302446'; Using compiler version '192528614'; Build Type 'Release'
OS: 'Windows 10 Pro; OS build 19043.1237; Version 2009; 64bit' Language: 'en' Physical Memory: 24539 MB
BatchMode: 1, IsHumanControllingUs: 0, StartBugReporterOnCrash: 0, Is64bit: 1, IsPro: 0

 COMMAND LINE ARGUMENTS:
C:\Program Files\Unity\Hub\Editor\2020.3.16f1\Editor\Unity.exe
-adb2
-batchMode
-noUpm
-name
AssetImportWorker0
-projectPath
E:/James/Work/002Game/008Dillo/001_Dillo Champion Road/unity/Dillo-Champion-Road
-logFile
Logs/AssetImportWorker0.log
-srvPort
50248
Successfully changed project path to: E:/James/Work/002Game/008Dillo/001_Dillo Champion Road/unity/Dillo-Champion-Road
E:/James/Work/002Game/008Dillo/001_Dillo Champion Road/unity/Dillo-Champion-Road
Using Asset Import Pipeline V2.
Refreshing native plugins compatible for Editor in 60.75 ms, found 3 plugins.
Preloading 0 native plugins for Editor in 0.00 ms.
Initialize engine version: 2020.3.16f1 (049d6eca3c44)
[Subsystems] Discovering subsystems at path C:/Program Files/Unity/Hub/Editor/2020.3.16f1/Editor/Data/Resources/UnitySubsystems
[Subsystems] Discovering subsystems at path E:/James/Work/002Game/008Dillo/001_Dillo Champion Road/unity/Dillo-Champion-Road/Assets
GfxDevice: creating device client; threaded=0
Direct3D:
    Version:  Direct3D 11.0 [level 11.1]
    Renderer: NVIDIA GeForce GTX 1060 3GB (ID=0x1c02)
    Vendor:   
    VRAM:     2988 MB
    Driver:   27.21.14.5671
Initialize mono
Mono path[0] = 'C:/Program Files/Unity/Hub/Editor/2020.3.16f1/Editor/Data/Managed'
Mono path[1] = 'C:/Program Files/Unity/Hub/Editor/2020.3.16f1/Editor/Data/MonoBleedingEdge/lib/mono/unityjit'
Mono config path = 'C:/Program Files/Unity/Hub/Editor/2020.3.16f1/Editor/Data/MonoBleedingEdge/etc'
Using monoOptions --debugger-agent=transport=dt_socket,embedding=1,server=y,suspend=n,address=127.0.0.1:56924
Begin MonoManager ReloadAssembly
Registering precompiled unity dll's ...
Register platform support module: C:/Program Files/Unity/Hub/Editor/2020.3.16f1/Editor/Data/PlaybackEngines/WindowsStandaloneSupport/UnityEditor.WindowsStandalone.Extensions.dll
Registered in 0.002410 seconds.
Native extension for WindowsStandalone target not found
Refreshing native plugins compatible for Editor in 51.31 ms, found 3 plugins.
Preloading 0 native plugins for Editor in 0.00 ms.
Mono: successfully reloaded assembly
- Completed reload, in  1.187 seconds
Domain Reload Profiling:
	ReloadAssembly (1188ms)
		BeginReloadAssembly (58ms)
			ExecutionOrderSort (0ms)
			DisableScriptedObjects (0ms)
			BackupInstance (0ms)
			ReleaseScriptingObjects (0ms)
			CreateAndSetChildDomain (1ms)
		EndReloadAssembly (447ms)
			LoadAssemblies (56ms)
			RebuildTransferFunctionScriptingTraits (0ms)
			SetupTypeCache (157ms)
			ReleaseScriptCaches (0ms)
			RebuildScriptCaches (31ms)
			SetupLoadedEditorAssemblies (173ms)
				LogAssemblyErrors (0ms)
				InitializePlatformSupportModulesInManaged (4ms)
				SetLoadedEditorAssemblies (0ms)
				RefreshPlugins (51ms)
				BeforeProcessingInitializeOnLoad (8ms)
				ProcessInitializeOnLoadAttributes (80ms)
				ProcessInitializeOnLoadMethodAttributes (29ms)
				AfterProcessingInitializeOnLoad (0ms)
				EditorAssembliesLoaded (0ms)
			ExecutionOrderSort2 (0ms)
			AwakeInstancesAfterBackupRestoration (0ms)
Platform modules already initialized, skipping
Registering precompiled user dll's ...
Registered in 0.005044 seconds.
Begin MonoManager ReloadAssembly
Native extension for WindowsStandalone target not found
Refreshing native plugins compatible for Editor in 49.84 ms, found 3 plugins.
Preloading 0 native plugins for Editor in 0.00 ms.
GPGSUpgrader start
UnityEngine.StackTraceUtility:ExtractStackTrace ()
UnityEngine.DebugLogHandler:LogFormat (UnityEngine.LogType,UnityEngine.Object,string,object[])
UnityEngine.Logger:Log (UnityEngine.LogType,object)
UnityEngine.Debug:Log (object)
GooglePlayGames.Editor.GPGSUpgrader:.cctor () (at Assets/GooglePlayGames/Editor/GPGSUpgrader.cs:38)
System.Runtime.CompilerServices.RuntimeHelpers:RunClassConstructor (System.RuntimeTypeHandle)
UnityEditor.EditorAssemblies:ProcessInitializeOnLoadAttributes (System.Type[])

(Filename: Assets/GooglePlayGames/Editor/GPGSUpgrader.cs Line: 38)

GPGSUpgrader done
UnityEngine.StackTraceUtility:ExtractStackTrace ()
UnityEngine.DebugLogHandler:LogFormat (UnityEngine.LogType,UnityEngine.Object,string,object[])
UnityEngine.Logger:Log (UnityEngine.LogType,object)
UnityEngine.Debug:Log (object)
GooglePlayGames.Editor.GPGSUpgrader:.cctor () (at Assets/GooglePlayGames/Editor/GPGSUpgrader.cs:105)
System.Runtime.CompilerServices.RuntimeHelpers:RunClassConstructor (System.RuntimeTypeHandle)
UnityEditor.EditorAssemblies:ProcessInitializeOnLoadAttributes (System.Type[])

(Filename: Assets/GooglePlayGames/Editor/GPGSUpgrader.cs Line: 105)

Mono: successfully reloaded assembly
- Completed reload, in  1.464 seconds
Domain Reload Profiling:
	ReloadAssembly (1465ms)
		BeginReloadAssembly (151ms)
			ExecutionOrderSort (0ms)
			DisableScriptedObjects (4ms)
			BackupInstance (0ms)
			ReleaseScriptingObjects (0ms)
			CreateAndSetChildDomain (18ms)
		EndReloadAssembly (1250ms)
			LoadAssemblies (94ms)
			RebuildTransferFunctionScriptingTraits (0ms)
			SetupTypeCache (329ms)
			ReleaseScriptCaches (0ms)
			RebuildScriptCaches (60ms)
			SetupLoadedEditorAssemblies (583ms)
				LogAssemblyErrors (0ms)
				InitializePlatformSupportModulesInManaged (3ms)
				SetLoadedEditorAssemblies (0ms)
				RefreshPlugins (50ms)
				BeforeProcessingInitializeOnLoad (68ms)
				ProcessInitializeOnLoadAttributes (438ms)
				ProcessInitializeOnLoadMethodAttributes (15ms)
				AfterProcessingInitializeOnLoad (8ms)
				EditorAssembliesLoaded (0ms)
			ExecutionOrderSort2 (0ms)
			AwakeInstancesAfterBackupRestoration (7ms)
Platform modules already initialized, skipping
========================================================================
Worker process is ready to serve import requests
Launched and connected shader compiler UnityShaderCompiler.exe after 0.09 seconds
Refreshing native plugins compatible for Editor in 1.39 ms, found 3 plugins.
Preloading 0 native plugins for Editor in 0.00 ms.
Unloading 2569 Unused Serialized files (Serialized files now loaded: 0)
System memory in use before: 114.6 MB.
System memory in use after: 114.8 MB.

Unloading 72 unused Assets to reduce memory usage. Loaded Objects now: 2980.
Total: 4.684000 ms (FindLiveObjects: 0.347600 ms CreateObjectMapping: 0.194600 ms MarkObjects: 4.041700 ms  DeleteObjects: 0.098500 ms)

AssetImportParameters requested are different than current active one (requested -> active):
  custom:framework-win-MediaFoundation: 216162199b28c13a410421893ffa2e32 -> 
  custom:video-decoder-ogg-theora: a1e56fd34408186e4bbccfd4996cb3dc -> 
  custom:container-muxer-webm: aa71ff27fc2769a1b78a27578f13a17b -> 
  custom:container-demuxer-webm: 4f35f7cbe854078d1ac9338744f61a02 -> 
  custom:container-demuxer-ogg: 62fdf1f143b41e24485cea50d1cbac27 -> 
  custom:video-encoder-webm-vp8: eb34c28f22e8b96e1ab97ce403110664 -> 
  custom:video-codec-MediaFoundation-h265: 746d11721c4dcdbdad8f713fa42b33f4 -> 
  custom:video-decoder-webm-vp8: 9c59270c3fd7afecdb556c50c9e8de78 -> 
  custom:audio-decoder-ogg-vorbis: bf7c407c2cedff20999df2af8eb42d56 -> 
  custom:audio-encoder-webm-vorbis: bf7c407c2cedff20999df2af8eb42d56 -> 
========================================================================
Received Import Request.
  path: Assets/2D_Assets/Character/Enemies/enemy_default/enemy_01_defult.png
  artifactKey: Guid(b2260c0a364ed144393c7117afcabca8) Importer(815301076,1909f56bfc062723c751e8b465ee728b)
Start importing Assets/2D_Assets/Character/Enemies/enemy_default/enemy_01_defult.png using Guid(b2260c0a364ed144393c7117afcabca8) Importer(815301076,1909f56bfc062723c751e8b465ee728b)  -> (artifact id: 'e60decebd423f736f6af12b4b5417b04') in 0.158157 seconds 
  Import took 0.163929 seconds .

========================================================================
Received Import Request.
  Time since last request: 89.183172 seconds.
  path: Assets/2D_Assets/Character/Enemies/enemy_default/enemy_01_defult.png
  artifactKey: Guid(b2260c0a364ed144393c7117afcabca8) Importer(815301076,1909f56bfc062723c751e8b465ee728b)
Start importing Assets/2D_Assets/Character/Enemies/enemy_default/enemy_01_defult.png using Guid(b2260c0a364ed144393c7117afcabca8) Importer(815301076,1909f56bfc062723c751e8b465ee728b)  -> (artifact id: '1b4fade6b1e1eb3c596acafee51ac873') in 0.031102 seconds 
  Import took 0.053518 seconds .

========================================================================
Received Import Request.
  Time since last request: 7.618725 seconds.
  path: Assets/2D_Assets/Character/Enemies/enemy_inverted/enemy_02_inverted.png
  artifactKey: Guid(1b47b615c115c944880cfe40b05f7bd1) Importer(815301076,1909f56bfc062723c751e8b465ee728b)
Start importing Assets/2D_Assets/Character/Enemies/enemy_inverted/enemy_02_inverted.png using Guid(1b47b615c115c944880cfe40b05f7bd1) Importer(815301076,1909f56bfc062723c751e8b465ee728b)  -> (artifact id: '597383d3dad864d94a184bdcd34ed7a4') in 0.024588 seconds 
  Import took 0.028976 seconds .

========================================================================
Received Import Request.
  Time since last request: 4679.871621 seconds.
  path: Assets/2D_Assets/FX/Particle/FX_Hit_wood
  artifactKey: Guid(9e263b3e7793ae1479890de2fc46bb34) Importer(815301076,1909f56bfc062723c751e8b465ee728b)
Start importing Assets/2D_Assets/FX/Particle/FX_Hit_wood using Guid(9e263b3e7793ae1479890de2fc46bb34) Importer(815301076,1909f56bfc062723c751e8b465ee728b)  -> (artifact id: 'c075fa3fa9d610348321b49ba089a468') in 0.010529 seconds 
  Import took 0.016248 seconds .

========================================================================
Received Import Request.
  Time since last request: 3.789821 seconds.
  path: Assets/2D_Assets/FX/Particle/FX_Hit_wood/sprite_FX_woods.png
  artifactKey: Guid(795abf678e1d9ed4b8518be84ca59ee5) Importer(815301076,1909f56bfc062723c751e8b465ee728b)
Start importing Assets/2D_Assets/FX/Particle/FX_Hit_wood/sprite_FX_woods.png using Guid(795abf678e1d9ed4b8518be84ca59ee5) Importer(815301076,1909f56bfc062723c751e8b465ee728b)  -> (artifact id: 'd9ccfee032a3ed3be1369104a39b0786') in 0.032332 seconds 
  Import took 0.036790 seconds .

========================================================================
Received Import Request.
  Time since last request: 4.644336 seconds.
  path: Assets/2D_Assets/FX/Particle/FX_Hit_wood/sprite_FX_woods.png
  artifactKey: Guid(795abf678e1d9ed4b8518be84ca59ee5) Importer(815301076,1909f56bfc062723c751e8b465ee728b)
Start importing Assets/2D_Assets/FX/Particle/FX_Hit_wood/sprite_FX_woods.png using Guid(795abf678e1d9ed4b8518be84ca59ee5) Importer(815301076,1909f56bfc062723c751e8b465ee728b)  -> (artifact id: '99e452509e79bc83a3d54328935f5e9d') in 0.015408 seconds 
  Import took 0.021511 seconds .

========================================================================
Received Import Request.
  Time since last request: 8.572175 seconds.
  path: Assets/2D_Assets/FX/Particle/FX_Hit_wood/sprite_FX_woods.png
  artifactKey: Guid(795abf678e1d9ed4b8518be84ca59ee5) Importer(815301076,1909f56bfc062723c751e8b465ee728b)
Start importing Assets/2D_Assets/FX/Particle/FX_Hit_wood/sprite_FX_woods.png using Guid(795abf678e1d9ed4b8518be84ca59ee5) Importer(815301076,1909f56bfc062723c751e8b465ee728b)  -> (artifact id: '67d9657dac02a3c8b13097bb5faef323') in 0.027198 seconds 
  Import took 0.032153 seconds .

========================================================================
Received Import Request.
  Time since last request: 2920.269673 seconds.
  path: Assets/2D_Assets/FX/Particle/FX_Hit_wood/sprite_FX_woods.png
  artifactKey: Guid(795abf678e1d9ed4b8518be84ca59ee5) Importer(815301076,1909f56bfc062723c751e8b465ee728b)
Start importing Assets/2D_Assets/FX/Particle/FX_Hit_wood/sprite_FX_woods.png using Guid(795abf678e1d9ed4b8518be84ca59ee5) Importer(815301076,1909f56bfc062723c751e8b465ee728b)  -> (artifact id: '7d6bd0e69cca45652fb752eb9be1f54a') in 0.037698 seconds 
  Import took 0.044172 seconds .

========================================================================
Received Import Request.
  Time since last request: 202.092996 seconds.
  path: Assets/2D_Assets/FX/Particle/FX_Hit_wood/sprite_FX_woods.png
  artifactKey: Guid(795abf678e1d9ed4b8518be84ca59ee5) Importer(815301076,1909f56bfc062723c751e8b465ee728b)
Start importing Assets/2D_Assets/FX/Particle/FX_Hit_wood/sprite_FX_woods.png using Guid(795abf678e1d9ed4b8518be84ca59ee5) Importer(815301076,1909f56bfc062723c751e8b465ee728b)  -> (artifact id: '0b4bcc22c13d5f3a50699eb08174bfcf') in 0.034251 seconds 
  Import took 0.038782 seconds .

========================================================================
Received Import Request.
  Time since last request: 685.733376 seconds.
  path: Assets/2D_Assets/FX/Particle/FX_Hit_wood/FX_Wood.prefab
  artifactKey: Guid(b5c9a36e8119d42438297c342cbe17e9) Importer(815301076,1909f56bfc062723c751e8b465ee728b)
Start importing Assets/2D_Assets/FX/Particle/FX_Hit_wood/FX_Wood.prefab using Guid(b5c9a36e8119d42438297c342cbe17e9) Importer(815301076,1909f56bfc062723c751e8b465ee728b)  -> (artifact id: '4908a535ffeaf9bf8102b6afb09d89f2') in 0.055470 seconds 
  Import took 0.078386 seconds .

AssetImportWorkerClient::OnTransportError - code=2 error=End of file
